<?xml version="1.0" encoding="UTF-8"?>
<!-- Generated by org.testng.reporters.JUnitReportReporter -->
<testsuite hostname="LAPTOP-2RK5HRGB" failures="0" tests="1" name="com.mainProject.testCases.NewCustomerTest" time="7.964" errors="0" timestamp="2021-09-01T13:35:28 IST" skipped="0">
  <testcase classname="com.mainProject.testCases.NewCustomerTest" name="NewcustomerTest" time="7.964"/>
  <system-out/>
</testsuite> <!-- com.mainProject.testCases.NewCustomerTest -->
