<?xml version="1.0" encoding="UTF-8"?>
<!-- Generated by org.testng.reporters.JUnitReportReporter -->
<testsuite hostname="LAPTOP-2RK5HRGB" failures="0" tests="1" name="com.mainProject.testCases.NewCustomerTest" time="5.265" errors="0" timestamp="2021-09-01T12:09:17 IST" skipped="0">
  <testcase classname="com.mainProject.testCases.NewCustomerTest" name="NewcustomerTest" time="5.265"/>
  <system-out/>
</testsuite> <!-- com.mainProject.testCases.NewCustomerTest -->
